<?xml version="1.0" encoding="UTF-8"?>
<testsuite xmlns:xsi="http://www.w3.org/2001/XMLSchema-instance" xsi:noNamespaceSchemaLocation="https://maven.apache.org/surefire/maven-surefire-plugin/xsd/surefire-test-report-3.0.xsd" version="3.0" name="test.TestR2RMLCSV" time="1.551" tests="6" errors="0" skipped="0" failures="0">
  <properties>
[...]
</properties>
  <testcase name="testExampleCSV01" classname="test.TestR2RMLCSV" time="1.15"/>
  <testcase name="testExampleCSV02" classname="test.TestR2RMLCSV" time="0.092"/>
  <testcase name="testExampleCSV03" classname="test.TestR2RMLCSV" time="0.063"/>
  <testcase name="testExampleCSV04" classname="test.TestR2RMLCSV" time="0.062"/>
  <testcase name="testExampleCSV05" classname="test.TestR2RMLCSV" time="0.102"/>
  <testcase name="testExampleCSV06" classname="test.TestR2RMLCSV" time="0.078"/>
</testsuite>